C:\USERS\ANKIT\DESKTOP\576\PROJECTS\PROJECT_2\PACKAGEPROJECT_2\PANORAMASKEL\IMAGELIB\RELEASE\WARPIMAGE.OBJ
C:\USERS\ANKIT\DESKTOP\576\PROJECTS\PROJECT_2\PACKAGEPROJECT_2\PANORAMASKEL\IMAGELIB\RELEASE\TRANSFORM.OBJ
C:\USERS\ANKIT\DESKTOP\576\PROJECTS\PROJECT_2\PACKAGEPROJECT_2\PANORAMASKEL\IMAGELIB\RELEASE\REFCNTMEM.OBJ
C:\USERS\ANKIT\DESKTOP\576\PROJECTS\PROJECT_2\PACKAGEPROJECT_2\PANORAMASKEL\IMAGELIB\RELEASE\PYRAMID.OBJ
C:\USERS\ANKIT\DESKTOP\576\PROJECTS\PROJECT_2\PACKAGEPROJECT_2\PANORAMASKEL\IMAGELIB\RELEASE\IMAGE.OBJ
C:\USERS\ANKIT\DESKTOP\576\PROJECTS\PROJECT_2\PACKAGEPROJECT_2\PANORAMASKEL\IMAGELIB\RELEASE\FILEIO.OBJ
C:\USERS\ANKIT\DESKTOP\576\PROJECTS\PROJECT_2\PACKAGEPROJECT_2\PANORAMASKEL\IMAGELIB\RELEASE\CONVOLVE.OBJ
C:\USERS\ANKIT\DESKTOP\576\PROJECTS\PROJECT_2\PACKAGEPROJECT_2\PANORAMASKEL\IMAGELIB\RELEASE\CONVERT.OBJ
C:\USERS\ANKIT\DESKTOP\576\PROJECTS\PROJECT_2\PACKAGEPROJECT_2\PANORAMASKEL\IMAGELIB\RELEASE\VC110.PDB
C:\USERS\ANKIT\DESKTOP\576\PROJECTS\PROJECT_2\PACKAGEPROJECT_2\PANORAMASKEL\IMAGELIB\RELEASE\IMAGELIB.LIB
C:\Users\ankit\Desktop\576\Projects\Project_2\PackageProject_2\PanoramaSkel\ImageLib\Release\Convert.obj
C:\Users\ankit\Desktop\576\Projects\Project_2\PackageProject_2\PanoramaSkel\ImageLib\Release\Convolve.obj
C:\Users\ankit\Desktop\576\Projects\Project_2\PackageProject_2\PanoramaSkel\ImageLib\Release\FileIO.obj
C:\Users\ankit\Desktop\576\Projects\Project_2\PackageProject_2\PanoramaSkel\ImageLib\Release\Image.obj
C:\Users\ankit\Desktop\576\Projects\Project_2\PackageProject_2\PanoramaSkel\ImageLib\Release\Pyramid.obj
C:\Users\ankit\Desktop\576\Projects\Project_2\PackageProject_2\PanoramaSkel\ImageLib\Release\RefCntMem.obj
C:\Users\ankit\Desktop\576\Projects\Project_2\PackageProject_2\PanoramaSkel\ImageLib\Release\Transform.obj
C:\Users\ankit\Desktop\576\Projects\Project_2\PackageProject_2\PanoramaSkel\ImageLib\Release\WarpImage.obj
C:\Users\ankit\Desktop\576\Projects\Project_2\PackageProject_2\PanoramaSkel\ImageLib\Release\cl.command.1.tlog
C:\Users\ankit\Desktop\576\Projects\Project_2\PackageProject_2\PanoramaSkel\ImageLib\Release\CL.read.1.tlog
C:\Users\ankit\Desktop\576\Projects\Project_2\PackageProject_2\PanoramaSkel\ImageLib\Release\CL.write.1.tlog
C:\Users\ankit\Desktop\576\Projects\Project_2\PackageProject_2\PanoramaSkel\ImageLib\Release\Lib-link.read.1.tlog
C:\Users\ankit\Desktop\576\Projects\Project_2\PackageProject_2\PanoramaSkel\ImageLib\Release\Lib-link.write.1.tlog
C:\Users\ankit\Desktop\576\Projects\Project_2\PackageProject_2\PanoramaSkel\ImageLib\Release\lib.command.1.tlog
C:\Users\ankit\Desktop\576\Projects\Project_2\PackageProject_2\PanoramaSkel\ImageLib\Release\vc110.pdb
C:\Users\ankit\Desktop\576\Projects\Project_2\PackageProject_2\PanoramaSkel\ImageLib\.\Release\ImageLib.lib
