C:\USERS\ANKIT\DESKTOP\576\PROJECTS\PROJECT_2\PACKAGEPROJECT_2\PANORAMASKEL\RELEASE\WARPSPHERICAL.OBJ
C:\USERS\ANKIT\DESKTOP\576\PROJECTS\PROJECT_2\PACKAGEPROJECT_2\PANORAMASKEL\RELEASE\PROJECT2.OBJ
C:\USERS\ANKIT\DESKTOP\576\PROJECTS\PROJECT_2\PACKAGEPROJECT_2\PANORAMASKEL\RELEASE\FEATURESET.OBJ
C:\USERS\ANKIT\DESKTOP\576\PROJECTS\PROJECT_2\PACKAGEPROJECT_2\PANORAMASKEL\RELEASE\FEATUREALIGN.OBJ
C:\USERS\ANKIT\DESKTOP\576\PROJECTS\PROJECT_2\PACKAGEPROJECT_2\PANORAMASKEL\RELEASE\BLENDIMAGES.OBJ
C:\USERS\ANKIT\DESKTOP\576\PROJECTS\PROJECT_2\PACKAGEPROJECT_2\PANORAMASKEL\RELEASE\VC110.PDB
C:\USERS\ANKIT\DESKTOP\576\PROJECTS\PROJECT_2\PACKAGEPROJECT_2\PANORAMASKEL\RELEASE\PANORAMA.EXE
C:\Users\ankit\Desktop\576\Projects\Project_2\PackageProject_2\PanoramaSkel\Release\BlendImages.obj
C:\Users\ankit\Desktop\576\Projects\Project_2\PackageProject_2\PanoramaSkel\Release\FeatureAlign.obj
C:\Users\ankit\Desktop\576\Projects\Project_2\PackageProject_2\PanoramaSkel\Release\FeatureSet.obj
C:\Users\ankit\Desktop\576\Projects\Project_2\PackageProject_2\PanoramaSkel\Release\Project2.obj
C:\Users\ankit\Desktop\576\Projects\Project_2\PackageProject_2\PanoramaSkel\Release\WarpSpherical.obj
C:\Users\ankit\Desktop\576\Projects\Project_2\PackageProject_2\PanoramaSkel\Release\cl.command.1.tlog
C:\Users\ankit\Desktop\576\Projects\Project_2\PackageProject_2\PanoramaSkel\Release\CL.read.1.tlog
C:\Users\ankit\Desktop\576\Projects\Project_2\PackageProject_2\PanoramaSkel\Release\CL.write.1.tlog
C:\Users\ankit\Desktop\576\Projects\Project_2\PackageProject_2\PanoramaSkel\Release\link-cvtres.read.1.tlog
C:\Users\ankit\Desktop\576\Projects\Project_2\PackageProject_2\PanoramaSkel\Release\link-cvtres.write.1.tlog
C:\Users\ankit\Desktop\576\Projects\Project_2\PackageProject_2\PanoramaSkel\Release\link-rc.read.1.tlog
C:\Users\ankit\Desktop\576\Projects\Project_2\PackageProject_2\PanoramaSkel\Release\link-rc.write.1.tlog
C:\Users\ankit\Desktop\576\Projects\Project_2\PackageProject_2\PanoramaSkel\Release\link.command.1.tlog
C:\Users\ankit\Desktop\576\Projects\Project_2\PackageProject_2\PanoramaSkel\Release\link.read.1.tlog
C:\Users\ankit\Desktop\576\Projects\Project_2\PackageProject_2\PanoramaSkel\Release\link.write.1.tlog
C:\Users\ankit\Desktop\576\Projects\Project_2\PackageProject_2\PanoramaSkel\Release\vc110.pdb
C:\Users\ankit\Desktop\576\Projects\Project_2\PackageProject_2\PanoramaSkel\.\Release\Panorama.exe
