Build started 4/17/2013 6:06:22 AM.
     1>Project "C:\Users\ankit\Desktop\576\Projects\Project_2\PackageProject_2\PanoramaSkel\project2.vcxproj" on node 2 (Rebuild target(s)).
     1>ClCompile:
         C:\Program Files (x86)\Microsoft Visual Studio 11.0\VC\bin\CL.exe /c /Zi /nologo /W3 /WX- /O2 /Ob1 /Oy- /D WIN32 /D NDEBUG /D _CONSOLE /D _VC80_UPGRADE=0x0710 /D _MBCS /GF /Gm- /EHsc /MD /GS /Gy /fp:precise /Zc:wchar_t /Zc:forScope /Fo".\Release/" /Fd".\Release/vc110.pdb" /Gd /TP /analyze- /errorReport:prompt BlendImages.cpp FeatureAlign.cpp FeatureSet.cpp Project2.cpp WarpSpherical.cpp
         BlendImages.cpp
     1>c:\users\ankit\desktop\576\projects\project_2\packageproject_2\panoramaskel\imagelib\Image.h(170): warning C4996: 'strcpy': This function or variable may be unsafe. Consider using strcpy_s instead. To disable deprecation, use _CRT_SECURE_NO_WARNINGS. See online help for details.
                 C:\Program Files (x86)\Microsoft Visual Studio 11.0\VC\include\string.h(110) : see declaration of 'strcpy'
     1>c:\users\ankit\desktop\576\projects\project_2\packageproject_2\panoramaskel\imagelib\Image.h(171): warning C4996: 'sprintf': This function or variable may be unsafe. Consider using sprintf_s instead. To disable deprecation, use _CRT_SECURE_NO_WARNINGS. See online help for details.
                 C:\Program Files (x86)\Microsoft Visual Studio 11.0\VC\include\stdio.h(357) : see declaration of 'sprintf'
     1>c:\users\ankit\desktop\576\projects\project_2\packageproject_2\panoramaskel\imagelib\Image.h(172): warning C4996: 'sprintf': This function or variable may be unsafe. Consider using sprintf_s instead. To disable deprecation, use _CRT_SECURE_NO_WARNINGS. See online help for details.
                 C:\Program Files (x86)\Microsoft Visual Studio 11.0\VC\include\stdio.h(357) : see declaration of 'sprintf'
     1>c:\users\ankit\desktop\576\projects\project_2\packageproject_2\panoramaskel\imagelib\Image.h(173): warning C4996: 'sprintf': This function or variable may be unsafe. Consider using sprintf_s instead. To disable deprecation, use _CRT_SECURE_NO_WARNINGS. See online help for details.
                 C:\Program Files (x86)\Microsoft Visual Studio 11.0\VC\include\stdio.h(357) : see declaration of 'sprintf'
     1>c:\users\ankit\desktop\576\projects\project_2\packageproject_2\panoramaskel\imagelib\Image.h(175): warning C4996: 'sprintf': This function or variable may be unsafe. Consider using sprintf_s instead. To disable deprecation, use _CRT_SECURE_NO_WARNINGS. See online help for details.
                 C:\Program Files (x86)\Microsoft Visual Studio 11.0\VC\include\stdio.h(357) : see declaration of 'sprintf'
         FeatureAlign.cpp
     1>c:\users\ankit\desktop\576\projects\project_2\packageproject_2\panoramaskel\imagelib\Image.h(170): warning C4996: 'strcpy': This function or variable may be unsafe. Consider using strcpy_s instead. To disable deprecation, use _CRT_SECURE_NO_WARNINGS. See online help for details.
                 C:\Program Files (x86)\Microsoft Visual Studio 11.0\VC\include\string.h(110) : see declaration of 'strcpy'
     1>c:\users\ankit\desktop\576\projects\project_2\packageproject_2\panoramaskel\imagelib\Image.h(171): warning C4996: 'sprintf': This function or variable may be unsafe. Consider using sprintf_s instead. To disable deprecation, use _CRT_SECURE_NO_WARNINGS. See online help for details.
                 C:\Program Files (x86)\Microsoft Visual Studio 11.0\VC\include\stdio.h(357) : see declaration of 'sprintf'
     1>c:\users\ankit\desktop\576\projects\project_2\packageproject_2\panoramaskel\imagelib\Image.h(172): warning C4996: 'sprintf': This function or variable may be unsafe. Consider using sprintf_s instead. To disable deprecation, use _CRT_SECURE_NO_WARNINGS. See online help for details.
                 C:\Program Files (x86)\Microsoft Visual Studio 11.0\VC\include\stdio.h(357) : see declaration of 'sprintf'
     1>c:\users\ankit\desktop\576\projects\project_2\packageproject_2\panoramaskel\imagelib\Image.h(173): warning C4996: 'sprintf': This function or variable may be unsafe. Consider using sprintf_s instead. To disable deprecation, use _CRT_SECURE_NO_WARNINGS. See online help for details.
                 C:\Program Files (x86)\Microsoft Visual Studio 11.0\VC\include\stdio.h(357) : see declaration of 'sprintf'
     1>c:\users\ankit\desktop\576\projects\project_2\packageproject_2\panoramaskel\imagelib\Image.h(175): warning C4996: 'sprintf': This function or variable may be unsafe. Consider using sprintf_s instead. To disable deprecation, use _CRT_SECURE_NO_WARNINGS. See online help for details.
                 C:\Program Files (x86)\Microsoft Visual Studio 11.0\VC\include\stdio.h(357) : see declaration of 'sprintf'
     1>FeatureAlign.cpp(127): warning C4018: '<' : signed/unsigned mismatch
         FeatureSet.cpp
         Project2.cpp
     1>c:\users\ankit\desktop\576\projects\project_2\packageproject_2\panoramaskel\imagelib\Image.h(170): warning C4996: 'strcpy': This function or variable may be unsafe. Consider using strcpy_s instead. To disable deprecation, use _CRT_SECURE_NO_WARNINGS. See online help for details.
                 C:\Program Files (x86)\Microsoft Visual Studio 11.0\VC\include\string.h(110) : see declaration of 'strcpy'
     1>c:\users\ankit\desktop\576\projects\project_2\packageproject_2\panoramaskel\imagelib\Image.h(171): warning C4996: 'sprintf': This function or variable may be unsafe. Consider using sprintf_s instead. To disable deprecation, use _CRT_SECURE_NO_WARNINGS. See online help for details.
                 C:\Program Files (x86)\Microsoft Visual Studio 11.0\VC\include\stdio.h(357) : see declaration of 'sprintf'
     1>c:\users\ankit\desktop\576\projects\project_2\packageproject_2\panoramaskel\imagelib\Image.h(172): warning C4996: 'sprintf': This function or variable may be unsafe. Consider using sprintf_s instead. To disable deprecation, use _CRT_SECURE_NO_WARNINGS. See online help for details.
                 C:\Program Files (x86)\Microsoft Visual Studio 11.0\VC\include\stdio.h(357) : see declaration of 'sprintf'
     1>c:\users\ankit\desktop\576\projects\project_2\packageproject_2\panoramaskel\imagelib\Image.h(173): warning C4996: 'sprintf': This function or variable may be unsafe. Consider using sprintf_s instead. To disable deprecation, use _CRT_SECURE_NO_WARNINGS. See online help for details.
                 C:\Program Files (x86)\Microsoft Visual Studio 11.0\VC\include\stdio.h(357) : see declaration of 'sprintf'
     1>c:\users\ankit\desktop\576\projects\project_2\packageproject_2\panoramaskel\imagelib\Image.h(175): warning C4996: 'sprintf': This function or variable may be unsafe. Consider using sprintf_s instead. To disable deprecation, use _CRT_SECURE_NO_WARNINGS. See online help for details.
                 C:\Program Files (x86)\Microsoft Visual Studio 11.0\VC\include\stdio.h(357) : see declaration of 'sprintf'
     1>Project2.cpp(106): warning C4996: 'fopen': This function or variable may be unsafe. Consider using fopen_s instead. To disable deprecation, use _CRT_SECURE_NO_WARNINGS. See online help for details.
                 C:\Program Files (x86)\Microsoft Visual Studio 11.0\VC\include\stdio.h(218) : see declaration of 'fopen'
     1>Project2.cpp(112): warning C4996: 'fscanf': This function or variable may be unsafe. Consider using fscanf_s instead. To disable deprecation, use _CRT_SECURE_NO_WARNINGS. See online help for details.
                 C:\Program Files (x86)\Microsoft Visual Studio 11.0\VC\include\stdio.h(237) : see declaration of 'fscanf'
     1>Project2.cpp(121): warning C4996: 'fscanf': This function or variable may be unsafe. Consider using fscanf_s instead. To disable deprecation, use _CRT_SECURE_NO_WARNINGS. See online help for details.
                 C:\Program Files (x86)\Microsoft Visual Studio 11.0\VC\include\stdio.h(237) : see declaration of 'fscanf'
     1>Project2.cpp(236): warning C4996: 'fopen': This function or variable may be unsafe. Consider using fopen_s instead. To disable deprecation, use _CRT_SECURE_NO_WARNINGS. See online help for details.
                 C:\Program Files (x86)\Microsoft Visual Studio 11.0\VC\include\stdio.h(218) : see declaration of 'fopen'
     1>Project2.cpp(268): warning C4996: 'sscanf': This function or variable may be unsafe. Consider using sscanf_s instead. To disable deprecation, use _CRT_SECURE_NO_WARNINGS. See online help for details.
                 C:\Program Files (x86)\Microsoft Visual Studio 11.0\VC\include\stdio.h(311) : see declaration of 'sscanf'
     1>Project2.cpp(302): warning C4996: 'fopen': This function or variable may be unsafe. Consider using fopen_s instead. To disable deprecation, use _CRT_SECURE_NO_WARNINGS. See online help for details.
                 C:\Program Files (x86)\Microsoft Visual Studio 11.0\VC\include\stdio.h(218) : see declaration of 'fopen'
         WarpSpherical.cpp
     1>c:\users\ankit\desktop\576\projects\project_2\packageproject_2\panoramaskel\imagelib\Image.h(170): warning C4996: 'strcpy': This function or variable may be unsafe. Consider using strcpy_s instead. To disable deprecation, use _CRT_SECURE_NO_WARNINGS. See online help for details.
                 C:\Program Files (x86)\Microsoft Visual Studio 11.0\VC\include\string.h(110) : see declaration of 'strcpy'
     1>c:\users\ankit\desktop\576\projects\project_2\packageproject_2\panoramaskel\imagelib\Image.h(171): warning C4996: 'sprintf': This function or variable may be unsafe. Consider using sprintf_s instead. To disable deprecation, use _CRT_SECURE_NO_WARNINGS. See online help for details.
                 C:\Program Files (x86)\Microsoft Visual Studio 11.0\VC\include\stdio.h(357) : see declaration of 'sprintf'
     1>c:\users\ankit\desktop\576\projects\project_2\packageproject_2\panoramaskel\imagelib\Image.h(172): warning C4996: 'sprintf': This function or variable may be unsafe. Consider using sprintf_s instead. To disable deprecation, use _CRT_SECURE_NO_WARNINGS. See online help for details.
                 C:\Program Files (x86)\Microsoft Visual Studio 11.0\VC\include\stdio.h(357) : see declaration of 'sprintf'
     1>c:\users\ankit\desktop\576\projects\project_2\packageproject_2\panoramaskel\imagelib\Image.h(173): warning C4996: 'sprintf': This function or variable may be unsafe. Consider using sprintf_s instead. To disable deprecation, use _CRT_SECURE_NO_WARNINGS. See online help for details.
                 C:\Program Files (x86)\Microsoft Visual Studio 11.0\VC\include\stdio.h(357) : see declaration of 'sprintf'
     1>c:\users\ankit\desktop\576\projects\project_2\packageproject_2\panoramaskel\imagelib\Image.h(175): warning C4996: 'sprintf': This function or variable may be unsafe. Consider using sprintf_s instead. To disable deprecation, use _CRT_SECURE_NO_WARNINGS. See online help for details.
                 C:\Program Files (x86)\Microsoft Visual Studio 11.0\VC\include\stdio.h(357) : see declaration of 'sprintf'
     1>WarpSpherical.cpp(62): warning C4101: 'zt' : unreferenced local variable
         Generating Code...
     1>c:\users\ankit\desktop\576\projects\project_2\packageproject_2\panoramaskel\warpspherical.cpp(76): warning C4700: uninitialized local variable 'xt' used
     1>c:\users\ankit\desktop\576\projects\project_2\packageproject_2\panoramaskel\warpspherical.cpp(77): warning C4700: uninitialized local variable 'yt' used
     1>c:\users\ankit\desktop\576\projects\project_2\packageproject_2\panoramaskel\featurealign.cpp(137): warning C4700: uninitialized local variable 'xTrans' used
     1>c:\users\ankit\desktop\576\projects\project_2\packageproject_2\panoramaskel\featurealign.cpp(138): warning C4700: uninitialized local variable 'yTrans' used
       Link:
         C:\Program Files (x86)\Microsoft Visual Studio 11.0\VC\bin\link.exe /ERRORREPORT:PROMPT /OUT:".\Release/Panorama.exe" /INCREMENTAL:NO /NOLOGO odbc32.lib odbccp32.lib kernel32.lib user32.lib gdi32.lib winspool.lib comdlg32.lib advapi32.lib shell32.lib ole32.lib oleaut32.lib uuid.lib odbc32.lib odbccp32.lib /MANIFEST /MANIFESTUAC:"level='asInvoker' uiAccess='false'" /manifest:embed /PDB:".\Release/v4gP1.pdb" /SUBSYSTEM:CONSOLE /TLBID:1 /DYNAMICBASE /NXCOMPAT /IMPLIB:".\Release\Panorama.lib" /MACHINE:X86 /SAFESEH /MACHINE:I386 .\Release/BlendImages.obj
         .\Release/FeatureAlign.obj
         .\Release/FeatureSet.obj
         .\Release/Project2.obj
         .\Release/WarpSpherical.obj
         C:\Users\ankit\Desktop\576\Projects\Project_2\PackageProject_2\PanoramaSkel\ImageLib\Release\ImageLib.lib
         project2.vcxproj -> C:\Users\ankit\Desktop\576\Projects\Project_2\PackageProject_2\PanoramaSkel\.\Release\Panorama.exe
     1>Done Building Project "C:\Users\ankit\Desktop\576\Projects\Project_2\PackageProject_2\PanoramaSkel\project2.vcxproj" (Rebuild target(s)).

Build succeeded.

Time Elapsed 00:00:03.38
